  admin.cpp
C:\Users\mire0\Documents\coding\ClassBooking\ClassBooking\ClassBooking\admin.cpp(1,1): warning C4819: 현재 코드 페이지(949)에서 표시할 수 없는 문자가 파일에 들어 있습니다. 데이터가 손실되지 않게 하려면 해당 파일을 유니코드 형식으로 저장하십시오.
C:\Users\mire0\Documents\coding\ClassBooking\ClassBooking\ClassBooking\admin.hpp(1,1): warning C4819: 현재 코드 페이지(949)에서 표시할 수 없는 문자가 파일에 들어 있습니다. 데이터가 손실되지 않게 하려면 해당 파일을 유니코드 형식으로 저장하십시오.
  (소스 파일 'admin.cpp'을(를) 컴파일하는 중)
  
C:\Users\mire0\Documents\coding\ClassBooking\ClassBooking\ClassBooking\models.hpp(1,1): warning C4819: 현재 코드 페이지(949)에서 표시할 수 없는 문자가 파일에 들어 있습니다. 데이터가 손실되지 않게 하려면 해당 파일을 유니코드 형식으로 저장하십시오.
  (소스 파일 'admin.cpp'을(를) 컴파일하는 중)
  
C:\Users\mire0\Documents\coding\ClassBooking\ClassBooking\ClassBooking\util.hpp(1,1): warning C4819: 현재 코드 페이지(949)에서 표시할 수 없는 문자가 파일에 들어 있습니다. 데이터가 손실되지 않게 하려면 해당 파일을 유니코드 형식으로 저장하십시오.
  (소스 파일 'admin.cpp'을(를) 컴파일하는 중)
  
C:\Users\mire0\Documents\coding\ClassBooking\ClassBooking\ClassBooking\classroom.hpp(1,1): warning C4819: 현재 코드 페이지(949)에서 표시할 수 없는 문자가 파일에 들어 있습니다. 데이터가 손실되지 않게 하려면 해당 파일을 유니코드 형식으로 저장하십시오.
  (소스 파일 'admin.cpp'을(를) 컴파일하는 중)
  
C:\Users\mire0\Documents\coding\ClassBooking\ClassBooking\ClassBooking\reservation.hpp(1,1): warning C4819: 현재 코드 페이지(949)에서 표시할 수 없는 문자가 파일에 들어 있습니다. 데이터가 손실되지 않게 하려면 해당 파일을 유니코드 형식으로 저장하십시오.
  (소스 파일 'admin.cpp'을(를) 컴파일하는 중)
  
C:\Users\mire0\Documents\coding\ClassBooking\ClassBooking\ClassBooking\user.hpp(1,1): warning C4819: 현재 코드 페이지(949)에서 표시할 수 없는 문자가 파일에 들어 있습니다. 데이터가 손실되지 않게 하려면 해당 파일을 유니코드 형식으로 저장하십시오.
  (소스 파일 'admin.cpp'을(를) 컴파일하는 중)
  
C:\Users\mire0\Documents\coding\ClassBooking\ClassBooking\ClassBooking\time.hpp(1,1): warning C4819: 현재 코드 페이지(949)에서 표시할 수 없는 문자가 파일에 들어 있습니다. 데이터가 손실되지 않게 하려면 해당 파일을 유니코드 형식으로 저장하십시오.
  (소스 파일 'admin.cpp'을(를) 컴파일하는 중)
  
  ClassBooking.cpp
C:\Users\mire0\Documents\coding\ClassBooking\ClassBooking\ClassBooking\ClassBooking.cpp(1,1): warning C4819: 현재 코드 페이지(949)에서 표시할 수 없는 문자가 파일에 들어 있습니다. 데이터가 손실되지 않게 하려면 해당 파일을 유니코드 형식으로 저장하십시오.
C:\Users\mire0\Documents\coding\ClassBooking\ClassBooking\ClassBooking\admin.hpp(1,1): warning C4819: 현재 코드 페이지(949)에서 표시할 수 없는 문자가 파일에 들어 있습니다. 데이터가 손실되지 않게 하려면 해당 파일을 유니코드 형식으로 저장하십시오.
  (소스 파일 'ClassBooking.cpp'을(를) 컴파일하는 중)
  
C:\Users\mire0\Documents\coding\ClassBooking\ClassBooking\ClassBooking\models.hpp(1,1): warning C4819: 현재 코드 페이지(949)에서 표시할 수 없는 문자가 파일에 들어 있습니다. 데이터가 손실되지 않게 하려면 해당 파일을 유니코드 형식으로 저장하십시오.
  (소스 파일 'ClassBooking.cpp'을(를) 컴파일하는 중)
  
C:\Users\mire0\Documents\coding\ClassBooking\ClassBooking\ClassBooking\util.hpp(1,1): warning C4819: 현재 코드 페이지(949)에서 표시할 수 없는 문자가 파일에 들어 있습니다. 데이터가 손실되지 않게 하려면 해당 파일을 유니코드 형식으로 저장하십시오.
  (소스 파일 'ClassBooking.cpp'을(를) 컴파일하는 중)
  
C:\Users\mire0\Documents\coding\ClassBooking\ClassBooking\ClassBooking\classroom.hpp(1,1): warning C4819: 현재 코드 페이지(949)에서 표시할 수 없는 문자가 파일에 들어 있습니다. 데이터가 손실되지 않게 하려면 해당 파일을 유니코드 형식으로 저장하십시오.
  (소스 파일 'ClassBooking.cpp'을(를) 컴파일하는 중)
  
C:\Users\mire0\Documents\coding\ClassBooking\ClassBooking\ClassBooking\reservation.hpp(1,1): warning C4819: 현재 코드 페이지(949)에서 표시할 수 없는 문자가 파일에 들어 있습니다. 데이터가 손실되지 않게 하려면 해당 파일을 유니코드 형식으로 저장하십시오.
  (소스 파일 'ClassBooking.cpp'을(를) 컴파일하는 중)
  
C:\Users\mire0\Documents\coding\ClassBooking\ClassBooking\ClassBooking\user.hpp(1,1): warning C4819: 현재 코드 페이지(949)에서 표시할 수 없는 문자가 파일에 들어 있습니다. 데이터가 손실되지 않게 하려면 해당 파일을 유니코드 형식으로 저장하십시오.
  (소스 파일 'ClassBooking.cpp'을(를) 컴파일하는 중)
  
C:\Users\mire0\Documents\coding\ClassBooking\ClassBooking\ClassBooking\time.hpp(1,1): warning C4819: 현재 코드 페이지(949)에서 표시할 수 없는 문자가 파일에 들어 있습니다. 데이터가 손실되지 않게 하려면 해당 파일을 유니코드 형식으로 저장하십시오.
  (소스 파일 'ClassBooking.cpp'을(를) 컴파일하는 중)
  
  classroom.cpp
C:\Users\mire0\Documents\coding\ClassBooking\ClassBooking\ClassBooking\classroom.cpp(1,1): warning C4819: 현재 코드 페이지(949)에서 표시할 수 없는 문자가 파일에 들어 있습니다. 데이터가 손실되지 않게 하려면 해당 파일을 유니코드 형식으로 저장하십시오.
C:\Users\mire0\Documents\coding\ClassBooking\ClassBooking\ClassBooking\classroom.hpp(1,1): warning C4819: 현재 코드 페이지(949)에서 표시할 수 없는 문자가 파일에 들어 있습니다. 데이터가 손실되지 않게 하려면 해당 파일을 유니코드 형식으로 저장하십시오.
  (소스 파일 'classroom.cpp'을(를) 컴파일하는 중)
  
C:\Users\mire0\Documents\coding\ClassBooking\ClassBooking\ClassBooking\models.hpp(1,1): warning C4819: 현재 코드 페이지(949)에서 표시할 수 없는 문자가 파일에 들어 있습니다. 데이터가 손실되지 않게 하려면 해당 파일을 유니코드 형식으로 저장하십시오.
  (소스 파일 'classroom.cpp'을(를) 컴파일하는 중)
  
C:\Users\mire0\Documents\coding\ClassBooking\ClassBooking\ClassBooking\util.hpp(1,1): warning C4819: 현재 코드 페이지(949)에서 표시할 수 없는 문자가 파일에 들어 있습니다. 데이터가 손실되지 않게 하려면 해당 파일을 유니코드 형식으로 저장하십시오.
  (소스 파일 'classroom.cpp'을(를) 컴파일하는 중)
  
  models.cpp
C:\Users\mire0\Documents\coding\ClassBooking\ClassBooking\ClassBooking\models.cpp(1,1): warning C4819: 현재 코드 페이지(949)에서 표시할 수 없는 문자가 파일에 들어 있습니다. 데이터가 손실되지 않게 하려면 해당 파일을 유니코드 형식으로 저장하십시오.
C:\Users\mire0\Documents\coding\ClassBooking\ClassBooking\ClassBooking\models.hpp(1,1): warning C4819: 현재 코드 페이지(949)에서 표시할 수 없는 문자가 파일에 들어 있습니다. 데이터가 손실되지 않게 하려면 해당 파일을 유니코드 형식으로 저장하십시오.
  (소스 파일 'models.cpp'을(를) 컴파일하는 중)
  
  reservation.cpp
C:\Users\mire0\Documents\coding\ClassBooking\ClassBooking\ClassBooking\reservation.cpp(1,1): warning C4819: 현재 코드 페이지(949)에서 표시할 수 없는 문자가 파일에 들어 있습니다. 데이터가 손실되지 않게 하려면 해당 파일을 유니코드 형식으로 저장하십시오.
C:\Users\mire0\Documents\coding\ClassBooking\ClassBooking\ClassBooking\reservation.hpp(1,1): warning C4819: 현재 코드 페이지(949)에서 표시할 수 없는 문자가 파일에 들어 있습니다. 데이터가 손실되지 않게 하려면 해당 파일을 유니코드 형식으로 저장하십시오.
  (소스 파일 'reservation.cpp'을(를) 컴파일하는 중)
  
C:\Users\mire0\Documents\coding\ClassBooking\ClassBooking\ClassBooking\models.hpp(1,1): warning C4819: 현재 코드 페이지(949)에서 표시할 수 없는 문자가 파일에 들어 있습니다. 데이터가 손실되지 않게 하려면 해당 파일을 유니코드 형식으로 저장하십시오.
  (소스 파일 'reservation.cpp'을(를) 컴파일하는 중)
  
C:\Users\mire0\Documents\coding\ClassBooking\ClassBooking\ClassBooking\util.hpp(1,1): warning C4819: 현재 코드 페이지(949)에서 표시할 수 없는 문자가 파일에 들어 있습니다. 데이터가 손실되지 않게 하려면 해당 파일을 유니코드 형식으로 저장하십시오.
  (소스 파일 'reservation.cpp'을(를) 컴파일하는 중)
  
C:\Users\mire0\Documents\coding\ClassBooking\ClassBooking\ClassBooking\classroom.hpp(1,1): warning C4819: 현재 코드 페이지(949)에서 표시할 수 없는 문자가 파일에 들어 있습니다. 데이터가 손실되지 않게 하려면 해당 파일을 유니코드 형식으로 저장하십시오.
  (소스 파일 'reservation.cpp'을(를) 컴파일하는 중)
  
C:\Users\mire0\Documents\coding\ClassBooking\ClassBooking\ClassBooking\user.hpp(1,1): warning C4819: 현재 코드 페이지(949)에서 표시할 수 없는 문자가 파일에 들어 있습니다. 데이터가 손실되지 않게 하려면 해당 파일을 유니코드 형식으로 저장하십시오.
  (소스 파일 'reservation.cpp'을(를) 컴파일하는 중)
  
C:\Users\mire0\Documents\coding\ClassBooking\ClassBooking\ClassBooking\time.hpp(1,1): warning C4819: 현재 코드 페이지(949)에서 표시할 수 없는 문자가 파일에 들어 있습니다. 데이터가 손실되지 않게 하려면 해당 파일을 유니코드 형식으로 저장하십시오.
  (소스 파일 'reservation.cpp'을(를) 컴파일하는 중)
  
C:\Users\mire0\Documents\coding\ClassBooking\ClassBooking\ClassBooking\admin.hpp(1,1): warning C4819: 현재 코드 페이지(949)에서 표시할 수 없는 문자가 파일에 들어 있습니다. 데이터가 손실되지 않게 하려면 해당 파일을 유니코드 형식으로 저장하십시오.
  (소스 파일 'reservation.cpp'을(를) 컴파일하는 중)
  
C:\Users\mire0\Documents\coding\ClassBooking\ClassBooking\ClassBooking\reservation.cpp(341,31): warning C4267: '인수': 'size_t'에서 '_Ty'(으)로 변환하면서 데이터가 손실될 수 있습니다.
C:\Users\mire0\Documents\coding\ClassBooking\ClassBooking\ClassBooking\reservation.cpp(341,31): warning C4267:         with
C:\Users\mire0\Documents\coding\ClassBooking\ClassBooking\ClassBooking\reservation.cpp(341,31): warning C4267:         [
C:\Users\mire0\Documents\coding\ClassBooking\ClassBooking\ClassBooking\reservation.cpp(341,31): warning C4267:             _Ty=int
C:\Users\mire0\Documents\coding\ClassBooking\ClassBooking\ClassBooking\reservation.cpp(341,31): warning C4267:         ]
  tempCodeRunnerFile.cpp
  time.cpp
C:\Users\mire0\Documents\coding\ClassBooking\ClassBooking\ClassBooking\time.cpp(1,1): warning C4819: 현재 코드 페이지(949)에서 표시할 수 없는 문자가 파일에 들어 있습니다. 데이터가 손실되지 않게 하려면 해당 파일을 유니코드 형식으로 저장하십시오.
C:\Users\mire0\Documents\coding\ClassBooking\ClassBooking\ClassBooking\time.hpp(1,1): warning C4819: 현재 코드 페이지(949)에서 표시할 수 없는 문자가 파일에 들어 있습니다. 데이터가 손실되지 않게 하려면 해당 파일을 유니코드 형식으로 저장하십시오.
  (소스 파일 'time.cpp'을(를) 컴파일하는 중)
  
C:\Users\mire0\Documents\coding\ClassBooking\ClassBooking\ClassBooking\models.hpp(1,1): warning C4819: 현재 코드 페이지(949)에서 표시할 수 없는 문자가 파일에 들어 있습니다. 데이터가 손실되지 않게 하려면 해당 파일을 유니코드 형식으로 저장하십시오.
  (소스 파일 'time.cpp'을(를) 컴파일하는 중)
  
C:\Users\mire0\Documents\coding\ClassBooking\ClassBooking\ClassBooking\util.hpp(1,1): warning C4819: 현재 코드 페이지(949)에서 표시할 수 없는 문자가 파일에 들어 있습니다. 데이터가 손실되지 않게 하려면 해당 파일을 유니코드 형식으로 저장하십시오.
  (소스 파일 'time.cpp'을(를) 컴파일하는 중)
  
  user.cpp
C:\Users\mire0\Documents\coding\ClassBooking\ClassBooking\ClassBooking\user.cpp(1,1): warning C4819: 현재 코드 페이지(949)에서 표시할 수 없는 문자가 파일에 들어 있습니다. 데이터가 손실되지 않게 하려면 해당 파일을 유니코드 형식으로 저장하십시오.
C:\Users\mire0\Documents\coding\ClassBooking\ClassBooking\ClassBooking\user.hpp(1,1): warning C4819: 현재 코드 페이지(949)에서 표시할 수 없는 문자가 파일에 들어 있습니다. 데이터가 손실되지 않게 하려면 해당 파일을 유니코드 형식으로 저장하십시오.
  (소스 파일 'user.cpp'을(를) 컴파일하는 중)
  
C:\Users\mire0\Documents\coding\ClassBooking\ClassBooking\ClassBooking\models.hpp(1,1): warning C4819: 현재 코드 페이지(949)에서 표시할 수 없는 문자가 파일에 들어 있습니다. 데이터가 손실되지 않게 하려면 해당 파일을 유니코드 형식으로 저장하십시오.
  (소스 파일 'user.cpp'을(를) 컴파일하는 중)
  
C:\Users\mire0\Documents\coding\ClassBooking\ClassBooking\ClassBooking\util.hpp(1,1): warning C4819: 현재 코드 페이지(949)에서 표시할 수 없는 문자가 파일에 들어 있습니다. 데이터가 손실되지 않게 하려면 해당 파일을 유니코드 형식으로 저장하십시오.
  (소스 파일 'user.cpp'을(를) 컴파일하는 중)
  
C:\Users\mire0\Documents\coding\ClassBooking\ClassBooking\ClassBooking\time.hpp(1,1): warning C4819: 현재 코드 페이지(949)에서 표시할 수 없는 문자가 파일에 들어 있습니다. 데이터가 손실되지 않게 하려면 해당 파일을 유니코드 형식으로 저장하십시오.
  (소스 파일 'user.cpp'을(를) 컴파일하는 중)
  
C:\Users\mire0\Documents\coding\ClassBooking\ClassBooking\ClassBooking\classroom.hpp(1,1): warning C4819: 현재 코드 페이지(949)에서 표시할 수 없는 문자가 파일에 들어 있습니다. 데이터가 손실되지 않게 하려면 해당 파일을 유니코드 형식으로 저장하십시오.
  (소스 파일 'user.cpp'을(를) 컴파일하는 중)
  
C:\Users\mire0\Documents\coding\ClassBooking\ClassBooking\ClassBooking\reservation.hpp(1,1): warning C4819: 현재 코드 페이지(949)에서 표시할 수 없는 문자가 파일에 들어 있습니다. 데이터가 손실되지 않게 하려면 해당 파일을 유니코드 형식으로 저장하십시오.
  (소스 파일 'user.cpp'을(를) 컴파일하는 중)
  
  util.cpp
C:\Users\mire0\Documents\coding\ClassBooking\ClassBooking\ClassBooking\util.cpp(1,1): warning C4819: 현재 코드 페이지(949)에서 표시할 수 없는 문자가 파일에 들어 있습니다. 데이터가 손실되지 않게 하려면 해당 파일을 유니코드 형식으로 저장하십시오.
C:\Users\mire0\Documents\coding\ClassBooking\ClassBooking\ClassBooking\util.hpp(1,1): warning C4819: 현재 코드 페이지(949)에서 표시할 수 없는 문자가 파일에 들어 있습니다. 데이터가 손실되지 않게 하려면 해당 파일을 유니코드 형식으로 저장하십시오.
  (소스 파일 'util.cpp'을(를) 컴파일하는 중)
  
C:\Users\mire0\Documents\coding\ClassBooking\ClassBooking\ClassBooking\models.hpp(1,1): warning C4819: 현재 코드 페이지(949)에서 표시할 수 없는 문자가 파일에 들어 있습니다. 데이터가 손실되지 않게 하려면 해당 파일을 유니코드 형식으로 저장하십시오.
  (소스 파일 'util.cpp'을(를) 컴파일하는 중)
  
  코드를 생성하고 있습니다...
  ClassBooking.vcxproj -> C:\Users\mire0\Documents\coding\ClassBooking\ClassBooking\x64\Debug\ClassBooking.exe
